==11== Memcheck, a memory error detector
==11== Copyright (C) 2002-2022, and GNU GPL'd, by Julian Seward et al.
==11== Using Valgrind-3.22.0 and LibVEX; rerun with -h for copyright info
==11== Command: ./mpi_matrix 16
==11== 
==9== Memcheck, a memory error detector
==9== Copyright (C) 2002-2022, and GNU GPL'd, by Julian Seward et al.
==9== Using Valgrind-3.22.0 and LibVEX; rerun with -h for copyright info
==9== Command: ./mpi_matrix 16
==9== 
==12== Memcheck, a memory error detector
==12== Copyright (C) 2002-2022, and GNU GPL'd, by Julian Seward et al.
==12== Using Valgrind-3.22.0 and LibVEX; rerun with -h for copyright info
==12== Command: ./mpi_matrix 16
==12== 
==10== Memcheck, a memory error detector
==10== Copyright (C) 2002-2022, and GNU GPL'd, by Julian Seward et al.
==10== Using Valgrind-3.22.0 and LibVEX; rerun with -h for copyright info
==10== Command: ./mpi_matrix 16
==10== 
RESULT variant=dynamic_linear n=16 procs=4 seconds=0.008031 gflops=0.001019 checksum=125977.0000
==12== 
==12== HEAP SUMMARY:
==12==     in use at exit: 0 bytes in 0 blocks
==12==   total heap usage: 6,588 allocs, 6,588 frees, 6,056,429 bytes allocated
==12== 
==12== All heap blocks were freed -- no leaks are possible
==12== 
==12== For lists of detected and suppressed errors, rerun with: -s
==12== ERROR SUMMARY: 0 errors from 0 contexts (suppressed: 0 from 0)
==10== 
==10== HEAP SUMMARY:
==10==     in use at exit: 0 bytes in 0 blocks
==10==   total heap usage: 6,588 allocs, 6,588 frees, 6,056,429 bytes allocated
==10== 
==10== All heap blocks were freed -- no leaks are possible
==10== 
==10== For lists of detected and suppressed errors, rerun with: -s
==10== ERROR SUMMARY: 0 errors from 0 contexts (suppressed: 0 from 0)
==9== 
==9== HEAP SUMMARY:
==9==     in use at exit: 0 bytes in 0 blocks
==9==   total heap usage: 6,595 allocs, 6,595 frees, 6,060,875 bytes allocated
==9== 
==9== All heap blocks were freed -- no leaks are possible
==9== 
==9== For lists of detected and suppressed errors, rerun with: -s
==9== ERROR SUMMARY: 0 errors from 0 contexts (suppressed: 0 from 0)
==11== 
==11== HEAP SUMMARY:
==11==     in use at exit: 0 bytes in 0 blocks
==11==   total heap usage: 6,588 allocs, 6,588 frees, 6,056,429 bytes allocated
==11== 
==11== All heap blocks were freed -- no leaks are possible
==11== 
==11== For lists of detected and suppressed errors, rerun with: -s
==11== ERROR SUMMARY: 0 errors from 0 contexts (suppressed: 0 from 0)
